New log file opened at Sat Feb 28 16:18:53 EST 2015 by 58824@Vus-MacBook-Pro.local
Taking next connection to: 54822
New client attempting to connect on port: 54823-54822
  Address = /10.1.10.13:54822
This client on port 54823 has uuid 4ba0e770-b292-4f34-9dca-a152421e256f configName activator humanReadableName Activator protocolVersion 1 featureTags Vector()
Connected Clients: activator-4ba0e770-b292-4f34-9dca-a152421e256f
Taking next connection to: 54822
New client attempting to connect on port: 54849-54822
  Address = /10.1.10.13:54822
Handshake exception on socket: 54849
sbt.impl.ipc.HandshakeException: Unable to perform handshake
	at sbt.impl.ipc.Peer.handshake(IPC.scala:46)
	at sbt.impl.ipc.MultiClientServer.<init>(IPC.scala:150)
	at sbt.server.SbtServerSocketHandler$$anon$1.run(SbtServerSocketHandler.scala:43)
Caused by: java.io.EOFException
	at java.io.DataInputStream.readInt(DataInputStream.java:375)
	at sbt.impl.ipc.Peer.receive(IPC.scala:95)
	at sbt.impl.ipc.Peer.handshake(IPC.scala:49)
	... 2 more
Taking next connection to: 54822
New client attempting to connect on port: 54852-54822
  Address = /10.1.10.13:54822
This client on port 54852 has uuid b465eabb-fd5a-4fa8-878b-1ad098933397 configName play-fork-run humanReadableName Play Fork Run protocolVersion 1 featureTags Vector()
Connected Clients: activator-4ba0e770-b292-4f34-9dca-a152421e256f, play-fork-run-b465eabb-fd5a-4fa8-878b-1ad098933397
Taking next connection to: 54822
